<?xml version="1.0" encoding="UTF-8"?>
<robot generator="Robot 6.1.1 (Python 3.11.5 on win32)" generated="20240730 13:34:34.098" rpa="false" schemaversion="4">
<suite id="s1" name="TC04 Scroll" source="C:\Users\lokesh_gorantla\PycharmProjects\RobotWIthAppium\TC04_Scroll.robot">
<test id="s1-t1" name="Should send keys to search box and then check the value" line="11">
<kw name="Open Test Application">
<kw name="Open Application" library="AppiumLibrary">
<arg>http://127.0.0.1:4724</arg>
<arg>automationName=${ANDROID_AUTOMATION_NAME}</arg>
<arg>platformName=${ANDROID_PLATFORM_NAME}</arg>
<arg>platformVersion=${ANDROID_PLATFORM_VERSION}</arg>
<arg>appPackage=com.hmh.api</arg>
<arg>appActivity=com.hmh.api.ApiDemos</arg>
<doc>Opens a new application to given Appium server.
Capabilities of appium server, Android and iOS,
Please check https://github.com/appium/appium/blob/master/docs/en/writing-running-appium/server-args.md
| *Option*            | *Man.* | *Description*     |
| remote_url          | Yes    | Appium server url |
| alias               | no     | alias             |
| strict_ssl          | No     | allows you to send commands to an invalid certificate host like a self-signed one. |</doc>
<status status="PASS" starttime="20240730 13:34:34.499" endtime="20240730 13:34:43.174"/>
</kw>
<status status="PASS" starttime="20240730 13:34:34.498" endtime="20240730 13:34:43.174"/>
</kw>
<kw name="Click Element" library="AppiumLibrary">
<arg>xpath=//android.widget.Button[@text='Continue']</arg>
<doc>Click element identified by `locator`.</doc>
<msg timestamp="20240730 13:34:43.178" level="INFO">Clicking element 'xpath=//android.widget.Button[@text='Continue']'.</msg>
<msg timestamp="20240730 13:34:44.755" level="INFO">xpath criteria: //android.widget.Button[@text='Continue']</msg>
<status status="PASS" starttime="20240730 13:34:43.175" endtime="20240730 13:34:44.755"/>
</kw>
<kw name="Wait Until Element Is Visible" library="AppiumLibrary">
<arg>xpath=//android.widget.Button[@text='OK']</arg>
<doc>Waits until element specified with `locator` is visible.</doc>
<msg timestamp="20240730 13:34:46.566" level="INFO">xpath criteria: //android.widget.Button[@text='OK']
xpath criteria: //android.widget.Button[@text='OK']</msg>
<status status="PASS" starttime="20240730 13:34:44.756" endtime="20240730 13:34:46.566"/>
</kw>
<kw name="Click Element" library="AppiumLibrary">
<arg>xpath=//android.widget.Button[@text='OK']</arg>
<doc>Click element identified by `locator`.</doc>
<msg timestamp="20240730 13:34:46.569" level="INFO">Clicking element 'xpath=//android.widget.Button[@text='OK']'.</msg>
<msg timestamp="20240730 13:34:46.868" level="INFO">xpath criteria: //android.widget.Button[@text='OK']</msg>
<status status="PASS" starttime="20240730 13:34:46.567" endtime="20240730 13:34:46.868"/>
</kw>
<kw name="Wait Until Element Is Visible" library="AppiumLibrary">
<arg>xpath=//android.widget.TextView[@text='App']</arg>
<doc>Waits until element specified with `locator` is visible.</doc>
<msg timestamp="20240730 13:34:47.589" level="INFO">xpath criteria: //android.widget.TextView[@text='App']</msg>
<status status="PASS" starttime="20240730 13:34:46.869" endtime="20240730 13:34:47.589"/>
</kw>
<kw name="Click Element" library="AppiumLibrary">
<arg>xpath=//android.widget.TextView[@text='App']</arg>
<doc>Click element identified by `locator`.</doc>
<msg timestamp="20240730 13:34:47.593" level="INFO">Clicking element 'xpath=//android.widget.TextView[@text='App']'.</msg>
<msg timestamp="20240730 13:34:48.737" level="INFO">xpath criteria: //android.widget.TextView[@text='App']</msg>
<status status="PASS" starttime="20240730 13:34:47.590" endtime="20240730 13:34:48.737"/>
</kw>
<kw name="Click Element" library="AppiumLibrary">
<arg>xpath=//android.widget.TextView[@text='Activity']</arg>
<doc>Click element identified by `locator`.</doc>
<msg timestamp="20240730 13:34:48.740" level="INFO">Clicking element 'xpath=//android.widget.TextView[@text='Activity']'.</msg>
<msg timestamp="20240730 13:34:50.273" level="INFO">xpath criteria: //android.widget.TextView[@text='Activity']</msg>
<status status="PASS" starttime="20240730 13:34:48.738" endtime="20240730 13:34:50.273"/>
</kw>
<kw name="Element Should Be Visible" library="AppiumLibrary">
<arg>android=new UiScrollable(new UiSelector()).scrollIntoView(new UiSelector().text("Wallpaper"))</arg>
<doc>Verifies that element identified with locator is visible.</doc>
<status status="PASS" starttime="20240730 13:34:50.274" endtime="20240730 13:34:53.934"/>
</kw>
<status status="PASS" starttime="20240730 13:34:34.498" endtime="20240730 13:34:53.934"/>
</test>
<doc>Simple example using AppiumLibrary</doc>
<status status="PASS" starttime="20240730 13:34:34.101" endtime="20240730 13:34:53.937"/>
</suite>
<statistics>
<total>
<stat pass="1" fail="0" skip="0">All Tests</stat>
</total>
<tag>
</tag>
<suite>
<stat pass="1" fail="0" skip="0" id="s1" name="TC04 Scroll">TC04 Scroll</stat>
</suite>
</statistics>
<errors>
</errors>
</robot>
